mode: set
hash/hash/hash_table.go:24.32,26.2 1 1
hash/hash/hash_table.go:29.51,33.2 3 1
hash/hash/hash_table.go:36.48,38.2 1 1
hash/hash/hash_table.go:41.53,43.2 1 1
hash/hash/hash_table.go:46.46,48.2 1 1
hash/hash/hash_table.go:51.33,53.2 1 1
hash/hash/hash_table.go:56.48,60.32 3 1
hash/hash/hash_table.go:60.32,64.3 3 1
hash/hash/hash_table.go:66.2,67.21 2 1
hash/hash/hash_table.go:67.21,68.25 1 1
hash/hash/hash_table.go:68.25,71.4 2 1
hash/hash/hash_table.go:72.3,72.26 1 0
hash/hash/hash_table.go:72.26,73.9 1 0
hash/hash/hash_table.go:75.3,75.25 1 0
hash/hash/hash_table.go:77.2,78.16 2 0
hash/hash/hash_table.go:82.53,86.21 3 1
hash/hash/hash_table.go:86.21,87.25 1 1
hash/hash/hash_table.go:87.25,89.4 1 1
hash/hash/hash_table.go:90.3,90.25 1 0
hash/hash/hash_table.go:92.2,92.18 1 1
hash/hash/hash_table.go:96.46,101.21 4 1
hash/hash/hash_table.go:101.21,102.25 1 1
hash/hash/hash_table.go:102.25,103.19 1 1
hash/hash/hash_table.go:103.19,105.5 1 0
hash/hash/hash_table.go:105.10,107.5 1 1
hash/hash/hash_table.go:108.4,109.15 2 1
hash/hash/hash_table.go:111.3,112.25 2 0
hash/hash/hash_table.go:114.2,114.14 1 1
